[RUN #0 5 5]
409 -462 -282 248 241
457 -73 -216 353 180
-958 135 -711 29 571
-621 -461 -137 -667 -8
68 -702 -322 -324 -194
[RUN #1 5 5]
169 -4 -12 -704 464
109 66 633 716 915
18 -284 -841 -190 124
385 669 567 60 31
49 51 527 551 -460
[RUN #2 5 5]
-109 149 942 115 7
-241 166 -151 175 169
-333 -742 -828 206 -621
649 -604 847 315 -354
-232 -459 -261 -708 300
[RUN #3 5 5]
-928 -361 336 -772 95
520 -913 284 -640 701
-979 -952 166 112 -953
-709 899 -518 450 -182
137 -567 69 -399 425
[RUN #4 5 5]
-14 -356 -15 -307 297
949 -271 -378 -308 915
-98 570 107 -987 -668
684 621 -577 -238 423
-783 -72 -538 -822 870
[RUN #5 5 5]
-620 376 477 956 604
-369 -880 283 -153 -426
345 602 771 231 -826
315 633 -972 -621 -518
866 -162 504 -4 707
[RUN #6 5 5]
470 455 -261 -779 319
-473 -294 -722 -902 188
861 158 -923 -12 -149
-784 -253 738 -456 203
527 525 -58 104 -623
[RUN #7 5 5]
643 -55 -447 -213 137
-654 712 920 -368 525
98 -94 53 -175 905
634 891 -231 -37 -448
-163 866 -298 641 193
[RUN #8 5 5]
327 -130 482 -938 307
-389 -850 -683 383 986
49 41 -506 366 311
-448 -231 189 -144 -733
-222 471 -513 -253 171
[RUN #9 5 5]
890 844 438 449 -40
490 904 809 743 -797
-769 -655 732 262 321
-748 -993 64 -292 -740
179 240 864 627 -487
[RUN #10 30 30]
-731 -165 584 -665 245 467 -637 389 -439 153 -688 659 812 543 -277 -668 -976 -558 807 -37 -587 -878 217 82 440 749 -801 -206 -294 -188
-834 -536 -489 334 877 -600 373 192 335 634 -753 764 -901 329 64 -797 -347 518 510 413 112 705 -826 864 -269 -351 275 -155 -667 -337
-419 -70 -176 893 402 24 707 -339 -875 -26 160 -85 863 -91 508 -305 528 -709 -577 322 463 501 -525 611 -95 -4 -932 131 933 203
756 -13 948 -824 831 386 -414 -665 269 933 846 107 -265 49 959 540 -714 -377 -597 274 986 847 -514 231 79 -804 -149 817 -72 467
-391 319 -511 282 262 -718 845 399 -799 381 64 -732 -850 -306 949 519 957 -678 146 412 538 656 427 356 -935 -67 512 -8 -534 -95
-604 -903 386 146 -881 654 -705 -916 -562 272 -429 -372 204 -637 486 -974 214 75 6 63 947 368 -355 -271 885 -25 57 377 -177 553
-213 296 -850 457 -658 -907 -451 628 251 -646 -908 -728 -766 -534 -31 51 885 388 100 915 -733 683 -106 922 -778 800 -781 -69 140 -920
-143 20 78 442 914 -969 -622 -511 -779 407 -615 -921 891 -930 508 905 -782 -970 -228 862 554 -773 859 -463 588 139 -680 706 694 54
-616 -675 -576 -311 -563 -418 121 217 -827 419 842 37 135 -457 46 -84 -123 836 420 -595 149 412 981 -668 -906 950 -415 -324 -637 -348
550 -645 -391 -971 -795 -919 -725 -903 -994 -999 996 -250 376 584 56 112 915 -710 -826 232 -576 -405 -135 -699 113 -939 266 907 273 818
347 727 205 -571 -56 878 680 -575 802 375 -37 -495 -35 291 -781 138 -522 813 719 229 -137 -798 -931 376 -774 -890 -548 3 -858 457
598 71 101 233 565 979 -587 -223 189 -28 -725 -639 14 412 358 786 -328 -672 658 874 596 -706 -260 -450 387 -863 -897 -36 744 -647
-814 775 129 -488 -119 434 119 -926 -66 -45 17 -82 643 147 27 995 -905 -746 -986 989 657 294 -333 -194 -321 -952 -730 -957 100 -418
714 -808 416 767 -626 625 634 120 -339 682 -762 -54 187 -403 901 -792 588 -584 -766 612 -466 -423 -62 -717 -80 226 928 250 -7 -503
-92 413 372 -539 -470 850 889 472 -281 -175 -138 -444 781 249 386 -219 -477 188 -984 -926 -396 -660 153 780 -318 -876 801 5 -300 -543
-57 -916 -599 589 611 112 -635 -244 216 525 0 813 -359 751 38 -964 -516 784 268 -854 479 929 -297 811 -673 -671 -287 -946 129 688
125 414 -881 322 324 12 544 448 -417 -618 -934 152 -150 622 -415 -794 330 507 505 696 -461 129 -604 308 200 -74 687 -710 -280 980
787 -836 779 527 -941 -694 433 -380 650 -90 643 -358 206 87 626 -806 -874 -719 929 844 -213 372 989 231 613 -346 969 -686 410 -305
209 606 482 -534 -595 924 -507 -929 781 -480 61 -471 10 745 -48 -649 205 720 278 -591 611 396 -636 70 -622 -53 -815 786 16 -535
-576 435 165 -548 -38 223 396 -732 870 599 -702 -20 642 -769 106 -332 538 -968 -596 281 -839 -760 206 748 -367 32 14 724 536 636
895 -304 938 -697 -675 721 621 650 835 -259 -499 -154 436 125 860 664 75 -521 -401 846 -637 757 -838 588 -680 974 313 -191 -624 234
426 280 -976 5 -769 -405 -334 -715 341 890 21 685 115 -688 -360 -311 332 356 -288 440 -160 -201 -830 -94 -519 -159 -6 827 653 -991
-908 293 584 -175 297 600 -284 124 730 346 -923 633 144 737 -223 -660 -777 389 445 -537 766 248 -550 -441 -108 -621 923 810 190 -522
299 -994 157 688 -788 -783 916 -492 -815 283 -62 -382 -729 548 -582 -427 726 -377 -61 -484 -306 389 110 665 -368 -833 972 -210 -681 -263
345 -369 746 113 -942 450 979 614 78 -661 -893 -888 -616 449 -268 242 -130 622 -941 923 -578 -368 992 -16 -78 -477 -843 702 541 -732
794 -495 431 829 -469 80 6 970 -634 196 -168 -178 182 499 894 -189 855 -938 -852 779 -641 -913 -239 -80 257 984 770 329 504 -898
332 887 238 52 -902 539 -579 -561 423 -962 540 653 -632 178 -616 936 713 -996 -505 -610 -883 817 989 -234 -184 267 116 -528 -990 882
-496 691 -665 383 257 -639 -447 -167 220 -974 599 65 392 -567 128 323 521 -715 -714 427 -68 -756 262 878 -228 561 -999 -559 935 -490
164 612 336 460 955 568 -961 -593 154 110 528 920 -253 799 -415 335 635 758 618 -95 -777 445 157 -600 245 -995 877 -750 283 -53
-743 514 985 258 28 -930 772 6 -894 375 -499 360 -975 46 -652 403 -768 -63 -97 -801 762 472 477 -38 387 -345 801 266 904 -653
[RUN #11 5 30]
979 275 527 677 13
948 -862 898 151 827
26 619 -365 214 -461
-157 339 792 -248 -589
675 754 -767 -316 -284
-889 -917 835 -382 74
534 988 972 -421 -283
789 -983 -746 469 -439
873 502 -672 309 -332
-856 -438 605 921 708
961 -223 -312 -157 79
-147 150 -142 -930 -802
-848 761 175 434 -685
403 -335 694 584 -634
-535 -29 -671 704 581
-161 -631 456 -901 -217
775 -251 -78 407 -208
-574 845 776 -286 878
-999 604 892 485 -145
241 -663 95 -661 -78
131 653 986 -465 -619
-44 660 706 93 -379
236 -863 -431 -4 -411
-253 664 -370 671 -810
661 346 102 246 -327
-837 1 -62 776 -539
-860 -599 -330 712 521
-941 -433 -371 -223 -418
590 -794 -505 -343 -483
-597 629 -370 -156 941
[RUN #12 10 30]
-534 -709 456 346 581 -180 553 805 463 19
-396 -9 530 -751 166 302 -62 513 480 -556
-618 -145 23 914 405 -520 137 661 924 149
-235 -186 918 285 -300 254 -753 -652 812 400
-899 816 771 152 862 -300 -33 -900 -813 962
189 -742 -899 641 99 -665 40 200 869 -398
-738 -670 -373 -367 86 421 580 921 -860 335
[RUN #13 10 30]
650 -686 -708 137 -517 47 -469 176 412 125
-907 174 -321 757 641 487 621 -135 806 -323
46 -858 858 95 307 -213 -780 -950 601 -445
-244 632 340 961 487 98 -916 337 212 462
572 534 -944 461 -667 217 644 -921 464 409
753 -893 110 -912 -901 -240 546 843 172 810
738 457 -294 838 -772 -658 963 -512 -884 -319
720 -33 -126 811 610 192 836 -289 210 -764
88 -511 -557 89 -607 -804 269 416 -309 521
493 -407 -431 87 645 247 477 660 414 -234
-431 -662 31 14 -38 37 619 583 560 937
-401 -246 62 -632 638 -780 -670 601 -275 -288
-213 -595 -832 -754 -305 -26 -705 250 137 -868
-674 141 862 -956 -237 -568 -551 -517 967 351
603 816 -288 -367 -555 340 -231 -885 408 363
-888 489 -962 768 237 579 -968 475 35 -730
-675 -214 -443 -561 -383 749 -257 835 -331 -763
-333 295 -570 806 230 843 -43 887 226 -645
407 684 -30 646 -663 -526 -638 218 -854 -184
477 251 9 413 -167 -573 -818 876 460 -68
-202 967 336 -385 818 -652 834 -409 -567 891
483 -188 821 -595 -661 -334 385 627 893 839
-945 218 983 621 -65 254 -949 -334 -295 -853
-420 353 -721 579 683 -612 -907 -713 -471 -953
[RUN #14 5 30]
-807 -77 10 923 412
-932 -766 -563 -107 -493
-414 167 143 183 529
565 -917 587 55 951
-785 843 301 -365 -461
704 -115 -707 842 -972
-948 -78 -518 -42 999
-192 -717 749 -216 909
98 -296 -842 184 -739
-680 -625 78 113 705
611 585 -880 -572 622
-579 -734 246 100 -537
-642 -765 -65 -477 393
863 188 -550 845 633
-201 669 545 104 613
2 -487 -362 628 -667
737 -947 118 -886 -786
515 239 745 -503 -237
453 -854 -629 747 -454
-201 -206 -769 692 369
333 971 134 -865 93
194 269 360 853 497
-979 738 -799 51 -959
58 -642 -704 83 -842
-292 -266 -909 772 950
707 -103 -392 -524 530
337 -360 102 -640 -219
552 943 -351 467 762
-694 322 453 -259 516
-642 -304 -971 82 671
[RUN #15 5 100]
-304 -848 388 716 188
450 -803 -341 251 -355
-255 -158 -939 875 -788
49 753 -222 -251 735
457 -446 -168 382 273
457 -769 -166 -943 199
122 -294 -795 -625 -284
912 -532 370 -976 -946
85 -905 -814 -821 -151
-348 -772 198 948 197
3 -942 756 635 -867
-15 179 528 711 -898
47 -616 496 -582 -763
-250 912 -762 -841 -829
-387 277 -284 -843 -728
-393 -739 -980 720 -679
562 -193 -855 -109 136
-297 935 -247 -380 -832
-586 -301 780 -952 923
-29 101 -171 -579 706
-24 -656 966 386 -878
-23 691 469 -692 -142
557 997 391 784 -782
976 -262 -576 -12 -888
-146 -587 -913 -360 -955
-779 410 -559 336 -841
924 -678 719 -835 -404
508 -378 -40 976 -208
357 -321 541 -345 -10
-647 601 -144 153 954
-471 -812 -993 512 494
-644 -343 -72 460 851
398 128 -411 748 -605
401 565 613 137 -660
-737 292 -608 -999 -21
-383 670 214 425 -971
745 832 923 -756 -535
-899 14 744 959 -190
66 854 -842 889 93
649 -388 -352 564 -168
485 -5 714 992 -23
666 27 362 387 -786
-405 240 862 932 -531
-15 26 296 469 -201
951 -781 135 489 -997
-66 567 816 935 -634
839 -207 -88 -458 -338
-419 545 764 -639 18
-58 934 -26 865 332
-415 409 -943 -173 -145
443 876 -617 -377 -108
783 861 600 -166 745
-71 678 902 227 -598
-585 776 -988 305 235
351 331 -415 74 -824
-87 391 -138 -377 -148
-447 861 -7 278 621
-658 -970 144 -824 661
-988 -609 -632 286 -407
381 -531 877 495 -992
-374 61 -363 829 -854
-480 -500 -850 -66 -886
969 248 -972 306 446
-384 866 60 371 -557
603 784 268 321 -590
737 683 354 202 -530
395 631 461 -346 149
540 -517 -847 240 -649
-664 -584 -391 245 -623
-695 -833 -692 -365 -25
-13 -254 135 -190 -626
-760 826 591 -121 276
-333 -315 -869 314 980
-886 -983 982 -557 -808
-543 918 462 968 -274
920 908 681 -729 880
841 497 -861 -891 668
307 964 791 -128 -541
-748 337 -591 841 959
184 689 -453 745 -101
-362 -240 -641 -732 -543
584 465 670 808 750
150 995 604 993 85
878 228 -718 -967 122
-879 927 -760 -707 355
-224 439 -12 -81 -347
-429 654 -154 173 -944
-884 716 -839 -760 43
290 489 40 -616 -877
-150 -95 -128 -441 60
-682 344 368 -653 256
707 -828 839 -843 -43
-454 100 -294 -84 516
-686 358 501 -928 -28
575 -655 -754 418 724
189 567 465 669 202
642 -886 950 877 335
517 801 475 52 -461
385 281 -454 -408 745
-851 274 -887 648 432
[RUN #16 9 100]
-172 392 -443 927 810 -234 -435 633 -793
618 -977 984 104 -109 421 177 -79 -103
102 -167 -404 273 -790 534 -330 655 -53
-934 -27 486 -288 236 935 360 -335 775
-341 862 10 -142 880 382 -441 -88 27
506 391 742 746 992 -394 -525 743 -79
-132 942 -604 -847 964 -184 -105 326 415
884 -569 415 603 399 646 -497 -83 -271
-183 -749 865 -346 918 320 789 -713 814
49 -374 -434 761 -618 278 372 338 -914
707 -390 -303 497 -554 -597 161 761 584
-242 866 -637 519 79 -356 -784 77 329
126 434 -513 -169 -623 964 -131 700 -811
-11 -148 101 513 -395 170 64 -276 -911
-539 -669 -411 -221 -24 63 -332 -45 222
-558 -521 645 -355 175 514 -276 370 734
-769 8 390 635 858 -442 41 209 -799
[RUN #17 9 100]
-755 852 -633 710 117 -339 -532 265 -217
872 732 -710 537 592 98 -946 -373 -962
-464 -591 673 -497 37 -387 470 -640 -23
-421 802 439 -360 -278 -210 33 80 -368
518 -311 -405 -227 735 -941 -110 395 574
-431 834 -165 -695 -839 138 643 151 -342
-227 269 648 370 -660 179 -615 976 -817
180 960 823 857 734 501 -552 -336 -289
-471 382 -662 678 585 -877 -871 -820 -898
-835 -51 162 -164 -395 399 206 -373 933
-786 -311 -295 333 -479 391 818 291 -177
821 -936 -255 595 90 956 -573 -996 751
-547 -28 -330 -36 621 348 -24 298 885
520 -497 695 181 868 895 906 304 897
-8 611 -902 -507 744 39 428 -691 -314
-922 134 -10 842 588 -291 -647 -88 877
-266 888 683 -284 -352 -13 229 -894 781
332 563 584 345 -647 -146 684 849 579
-661 -514 161 247 -211 -545 776 235 801
601 849 182 444 -829 560 -504 -270 -144
-351 963 765 -540 -982 739 -246 374 80
-118 627 -426 644 191 994 924 -890 275
-842 -441 429 138 892 30 -853 -913 224
106 966 -509 -348 -498 -408 -351 907 908
-432 -290 -273 -879 443 -373 -972 -881 672
-58 -488 -563 36 848 321 690 -229 -970
-566 137 -34 570 864 -284 845 -373 611
157 733 702 -325 -101 -178 179 -474 -52
450 -405 -37 64 37 -16 984 -815 310
763 975 -474 -718 -31 -611 -787 530 -804
-368 -582 195 855 -974 344 -279 -971 -651
421 118 -311 880 863 -477 -279 265 -965
-525 -171 -449 10 -777 -501 372 143 675
-509 14 -520 684 -217 571 -850 -322 564
823 683 325 -83 198 -104 833 -135 443
896 -790 673 -269 750 -529 766 -415 -836
132 -28 -247 -128 -696 95 -4 202 509
-808 913 723 807 245 296 -342 -368 -782
-860 884 -744 -103 -135 650 60 -88 659
572 682 130 547 -367 444 736 -177 -897
-50 837 582 473 -396 -905 -393 -685 -724
421 -653 687 -926 -248 -460 759 302 -462
-479 -556 -208 44 -804 -413 56 -697 -121
-475 743 -430 665 -572 -231 -182 -282 418
-845 -938 -561 923 581 627 -325 -973 276
46 -524 811 -608 359 348 772 576 526
55 672 168 987 123 807 -895 852 415
372 16 706 -861 937 602 -55 -175 97
522 854 944 -959 730 208 527 266 -963
574 468 -593 540 -285 660 753 -42 714
974 -200 -484 -323 41 -664 731 -192 -114
700 481 -672 200 -531 -598 107 594 -500
-692 66 -545 -482 -242 24 153 512 -570
-747 -204 -61 -691 -897 -511 675 847 235
524 -862 127 354 -461 837 -464 -611 346
22 727 -284 114 781 -207 -788 444 863
867 -671 -376 339 313 379 -588 -271 -360
485 -836 -121 -552 686 12 -466 -885 -685
-445 828 577 -994 -868 -487 656 445 -213
358 -709 -710 -432 -430 -699 -18 -409 210
-448 772 907 -690 299 -729 519 -41 -759
665 -492 388 921 864 553 -801 698 -502
894 951 -191 -369 765 -658 -532 -265 -506
645 50 488 697 -356 192 882 -272 -985
-257 627 -754 -409 -235 -378 -59 489 537
564 617 673 -285 65 -710 453 -960 363
[RUN #18 10 30]
-593 -606 -61 428 119 -474 -987 698 -333 -917
930 -6 -702 -565 -717 23 -457 689 -806 590
470 -491 700 -525 -467 -661 365 225 -700 442
-143 -763 -980 -711 40 68 -663 657 139 920
-809 587 -257 541 -660 467 -641 410 -2 243
-990 -932 291 -269 351 -157 -50 -662 306 179
-791 -648 449 -27 -955 183 701 963 -484 -412
-189 611 831 819 659 961 -954 37 855 -17
872 -863 -997 874 -550 370 -577 930 893 -308
745 449 790 -537 -781 977 -552 553 666 549
[RUN #19 10 30]
-627 484 361 -513 -654 842 -134 -16 -931 -171
-192 486 828 232 985 423 615 477 -577 -957
-950 304 904 811 469 535 -59 459 549 -971
982 -417 830 498 357 -377 697 829 751 -243
557 230 -729 69 -440 808 388 -784 749 200
159 807 19 -627 -268 323 -225 226 494 -295
-97 613 -998 356 -833 -815 -295 -865 -34 708
-206 67 -393 -512 551 -856 -301 584 -542 -960
-308 -400 118 922 37 591 653 -987 -104 -31
-88 227 482 91 -171 -940 -392 510 -124 647
832 -453 453 502 -874 -804 282 855 -908 747
750 -738 -162 946 154 -715 -545 835 48 717
673 11 804 -623 286 -999 -539 612 -171 352
-612 -877 653 -753 -522 164 -601 304 393 699
-910 541 -921 -622 -490 18 950 -359 -310 62
216 666 -230 205 213 568 391 -948 -472 -439
-117 -116 119 -786 153 452 582 492 74 -931
623 -44 189 478 402 697 -212 924 702 436
-345 -390 768 818 -103 -457 -863 -609 367 -601
506 766 831 431 -135 -59 -777 -713 804 -791
450 570 -825 -983 -555 137 -350 37 182 -484
194 -298 -25 -798 392 -317 -817 -91 678 -815
189 60 115 -828 703 540 -50 -386 114 4
288 -728 -715 -440 -100 470 -742 199 -269 -738
-827 573 387 -597 285 798 484 -555 -863 -229
293 -83 379 -515 -510 -98 30 -467 792 -179
262 996 -32 -651 545 -808 659 131 -374 440
-307 -981 49 -707 -758 584 552 805 -554 112
-251 -951 529 204 -768 -572 -61 -131 61 423
-422 510 440 -130 524 268 62 -988 41 200
[RUN #20 10 30]
-300 -148 -314 856 -281 874 -226 -391 -622 -753
328 -845 -432 730 -965 -477 -779 -492 -776 195
880 489 606 -972 -304 588 -913 239 -24 723
811 359 127 -46 596 -612 -943 -40 611 -27
614 -854 57 777 -710 355 319 -176 292 416
-884 -411 858 807 372 -55 -472 148 383 -685
263 843 -879 199 33 -204 275 993 -40 -209
203 -992 -591 363 16 861 619 812 -650 59
-199 -105 886 -735 732 393 -524 -604 -44 141
-378 -844 632 -824 -937 -587 -460 517 -400 981
357 31 -902 415 323 788 818 -271 -934 664
-547 57 172 -239 707 833 -777 -494 -590 174
-451 -974 615 -678 -81 -659 626 575 132 692
336 -560 201 -835 -250 242 -202 591 139 -840
-981 -194 -127 458 -324 865 247 267 976 45
108 -250 -242 -663 -362 -137 -351 112 -313 -694
969 483 410 -349 -667 -640 294 -43 59 -327
821 -739 266 943 -197 -381 -657 -719 -330 -631
-567 -882 -97 741 338 878 563 134 -570 -977
-194 660 -599 -880 382 -850 787 496 -258 622
-245 -563 -27 -424 329 200 -117 897 -342 -332
889 767 368 -654 463 898 300 -269 781 385
-537 893 47 -721 -373 -696 -413 -487 684 867
961 -662 -658 -916 -858 333 650 -515 -756 117
-823 299 -437 -619 -132 -417 690 -943 -204 -83
352 881 -223 -90 -120 -525 -309 -975 47 -989
812 -57 967 -106 -259 931 462 -375 307 -462
-22 54 262 -90 -862 -81 883 490 -927 -187
-760 -696 -556 316 -29 -609 -279 311 -408 -13
136 139 460 937 20 -243 -777 524 237 -91
[RUN #21 10 30]
-847 54 -547 83 622 -637 557 -151 571 -958
-260 -668 226 -950 -400 124 568 -363 -162 242
172 64 799 844 875 -147 -2 -76 101 953
739 632 -521 -941 673 885 530 -888 -476 797
-753 -164 -441 -116 -109 589 842 19 474 -800
200 564 -229 -722 682 -78 960 -324 -27 149
[RUN #22 10 30]
246 235 -98 -720 -924 -668 -632 844 13 -948
-556 109 -999 87 448 943 755 532 399 -550
476 537 861 713 -796 -278 654 -318 -424 921
-976 -331 -419 224 -96 -78 -533 933 792 -807
799 -382 237 750 -317 978 135 -28 834 400
396 -946 -431 35 -62 418 -200 -25 510 -725
187 891 -452 -594 -630 717 13 -449 -185 852
941 -283 -611 -60 -380 844 676 -924 471 889
350 147 369 -852 760 555 -451 735 -14 -385
713 977 -162 -251 -254 314 -65 -902 59 -160
238 -752 -929 389 201 599 466 -491 832 646
746 -654 -887 660 601 -669 -738 905 -510 -570
623 -314 -427 490 -867 -856 318 -853 626 -158
391 -539 -911 134 -746 -627 114 23 167 -388
935 666 322 -733 727 -104 388 -354 506 -837
333 -596 864 -137 344 615 -838 -760 -112 625
-49 348 -775 445 44 663 -484 503 -99 -960
756 -630 896 584 -294 -866 748 58 -76 -585
-638 -678 113 -817 950 -484 -962 479 -863 -565
-205 -863 -423 -155 247 -270 -493 -140 -650 889
48 -88 587 -501 -544 -43 770 396 -348 -441
783 878 -763 125 524 -353 -290 896 -213 379
489 418 -833 -910 -229 138 -844 -579 -687 794
134 17 760 -301 418 -617 577 411 284 181
329 937 -632 -32 81 20 924 88 -332 656
-854 661 -271 -465 500 -569 57 922 -3 -166
967 -458 -741 599 755 845 794 471 808 810
300 -231 -819 -589 702 737 788 714 791 559
258 506 901 754 -717 -846 -866 290 11 -820
-369 136 372 -809 307 -531 451 -721 -478 667
[RUN #23 10 30]
-787 -233 184 38 466 933 -546 -854 -828 682
-521 -919 873 -167 786 92 155 791 389 399
821 -134 -303 -753 672 -388 -199 553 928 565
871 122 -136 -674 -439 442 50 792 -67 358
-975 -271 -502 -806 -237 -320 532 413 803 -242
70 -32 548 165 -709 -483 775 -617 908 -95
-552 113 -204 -335 -279 851 -116 584 481 958
52 -312 -48 -844 675 -765 248 -681 -757 -678
611 -881 -440 519 -989 506 242 -192 -483 -414
-71 878 -272 -357 -83 518 65 -360 -312 835
115 291 -436 868 878 -620 245 516 495 530
[RUN #24 10 30]
145 -265 360 660 479 -450 -448 -271 354 717
-380 -188 510 355 329 573 768 208 261 -991
491 -971 149 -510 -503 212 -874 494 236 -617
683 -328 311 334 -518 -810 489 -433 -712 -446
883 -448 667 -772 -193 -225 74 -692 803 513
-126 944 146 -289 15 893 -511 -554 -528 -883
-666 616 193 -45 205 -770 941 605 806 132
-126 -736 -793 -683 -488 953 -877 -396 -895 218
-324 -986 -999 494 663 -480 -790 -110 32 316
[RUN #25 10 30]
7 874 201 916 892 501 459 -632 217 181
282 -36 -340 -509 393 -692 -495 -777 937 -809
-423 -842 921 250 575 -366 299 499 -577 -834
183 -784 -239 829 -751 277 -578 -797 -282 806
89 -530 -166 39 -600 466 -487 286 314 -426
-167 978 150 -252 941 770 -210 546 -407 -537
-5 -956 983 557 368 612 117 -746 393 -778
620 973 -91 407 -975 796 303 65 -38 535
970 607 169 -18 777 225 -367 493 -251 -579
-327 567 216 90 -208 -7 -771 -39 489 -373
744 315 -352 -729 496 471 465 717 85 -284
-611 389 660 154 -149 737 880 -919 -896 -724
[RUN #26 10 30]
-757 -163 -635 16 -572 -816 350 77 187 176
-882 688 692 95 -227 -293 -404 668 -260 11
-103 71 293 704 356 409 -918 -922 -937 344
-633 -407 170 -870 233 -556 -5 140 678 -229
-994 865 -470 -331 823 995 280 -43 -130 689
174 -23 565 91 -540 303 713 -931 841 831
-627 18 465 997 -302 -503 823 -233 -553 -848
-520 875 -526 -953 881 -187 -553 -42 269 -671
657 677 849 -530 -263 167 189 -970 -146 -351
925 -880 -43 268 -912 -945 -267 -142 928 161
466 -958 -263 -430 -120 225 310 -509 612 -238
-760 -15 -808 -71 582 -735 658 -634 -295 -919
-769 23 -449 245 449 -665 335 55 550 865
225 905 -53 514 -210 73 -776 -377 -451 -827
554 -776 -5 -599 -71 -869 -446 586 -807 622
588 -74 -297 439 -781 513 320 -882 34 -449
591 816 731 -801 -336 539 384 -795 -960 943
840 377 -564 -367 -53 -218 332 975 -326 289
-448 327 -565 -777 959 -273 641 -19 35 192
52 319 -956 -665 841 180 488 36 -52 -514
-249 -247 -521 -299 432 -653 949 -500 -353 96
-327 -941 332 123 -812 -628 -955 -874 184 -684
783 -682 198 -661 -611 575 -428 253 243 467
464 -530 390 171 -989 220 323 -427 830 -267
384 877 -39 167 1 586 658 -619 340 -389
730 359 -569 -746 -613 610 69 82 471 18
-710 201 -662 -104 -401 -538 317 425 -471 -464
949 29 69 -958 94 620 -307 -244 926 -84
262 -732 -842 510 -445 487 -543 394 -291 960
830 -979 175 -973 -826 429 81 138 -906 333
[RUN #27 10 30]
-406 533 532 -276 701 -37 -980 479 167 474
-99 -763 234 -648 892 -345 -164 -994 665 54
617 299 488 -632 956 154 -584 211 -651 273
-445 -16 52 141 47 -520 344 -504 269 -721
-237 898 572 -392 -171 -281 -169 108 -279 210
[RUN #28 10 30]
855 596 -398 -488 -151 -422 768 -219 -579 961
652 180 369 222 915 839 568 199 -430 142
159 573 994 -247 -273 520 97 234 -446 -780
191 -352 -377 985 970 -712 -492 706 -101 -103
-434 -142 -856 994 942 641 381 545 -166 141
650 -682 101 950 -204 342 -487 75 -958 606
-496 447 -97 606 733 563 442 949 273 519
462 -918 89 797 -755 -866 -541 -265 -855 39
-211 -562 719 -517 741 -567 175 623 783 -872
-804 -358 927 -308 -472 -297 -796 -217 987 190
836 706 266 -181 -245 -535 -731 609 240 -146
923 441 957 631 24 989 -424 -822 -929 55
-354 -902 238 -872 676 875 -259 -561 -293 -823
[RUN #29 10 30]
-564 103 -742 70 992 -649 819 276 -894 297
-103 -297 -110 571 -813 -706 -295 -989 395 460
602 128 893 736 -983 -578 819 839 930 597
-666 247 742 615 819 798 729 -451 -484 254
-526 -626 758 -100 -685 810 779 892 -849 592
[RUN #30 10 30]
319 -877 -406 739 475 147 185 -682 806 591
-256 -765 -235 945 -216 -669 838 -891 -59 -315
241 -690 -614 -796 844 348 -896 -953 616 -222
911 -181 -989 -885 31 824 266 -314 271 -746
-982 181 -795 662 -109 -39 964 807 -35 896
-463 657 -828 -677 118 -879 60 835 539 -331
981 -521 -721 748 759 -595 -362 834 -441 -187
562 152 882 448 17 120 433 -36 449 -673
-416 -376 -510 25 863 933 -601 -642 -830 -264
-374 462 -809 68 889 399 -188 204 -717 451
618 407 -740 -339 607 -152 911 150 -796 -851
[RUN #31 10 30]
520 51 -151 -834 -720 650 -948 -216 240 -227
-877 -421 488 415 934 -638 886 -716 178 -48
-54 -747 -61 -513 621 318 506 -51 674 274
921 -488 -172 -755 475 -216 -48 354 566 557
828 851 -274 -771 952 -165 -735 -419 507 194
[RUN #32 10 30]
-194 406 -619 -948 280 -942 -298 -109 -754 -433
-215 -296 752 -138 332 397 -710 515 -675 136
779 -37 -207 630 201 768 984 -178 -753 -35
846 330 92 -437 -897 26 953 599 -915 -201
-220 -250 268 -76 434 663 -312 -111 85 759
-240 254 864 515 673 61 -751 -708 -318 700
-537 469 -330 312 -921 193 198 514 -15 111
179 -170 373 989 19 731 -482 566 879 -298
-543 568 -854 -187 107 -85 -540 919 523 -997
860 -300 -825 -282 -238 -355 -172 580 267 -850
-899 -114 674 779 -70 334 -962 418 224 -198
427 66 -122 608 -551 860 -800 -367 -791 -756
-711 350 -515 -818 -96 -842 -322 -162 -742 4
-252 -954 -943 -524 93 925 444 819 -165 -940
224 376 -850 570 -576 373 656 -840 -40 -658
807 707 94 -352 -646 -801 199 68 558 -279
683 204 -537 -366 -628 -631 556 713 231 826
-240 413 -12 -224 -527 818 30 -186 460 713
-462 916 418 -552 853 657 0 -451 926 456
-349 168 798 -359 98 -605 -602 626 -863 -412
-132 -541 -299 884 13 951 620 -604 -179 416
-198 522 690 993 770 460 -907 227 786 212
-36 227 -45 -475 -973 -814 403 963 -569 -219
-285 -464 -750 -93 68 -910 249 -280 -577 481
374 83 -437 -449 -880 761 -791 842 200 52
-179 129 -90 300 -719 -96 -681 -906 217 -344
209 -153 902 -120 266 -417 -351 -714 979 -801
765 384 981 -70 289 -134 -112 -825 -994 191
-826 449 -186 -121 -932 -526 -587 -434 -594 643
727 -450 -880 -826 3 -988 -300 275 267 945
[RUN #33 10 30]
54 241 -305 162 638 -614 -19 738 85 525
230 -220 -585 -939 -296 185 -134 359 553 954
-971 435 738 -374 -451 -310 -23 -228 348 -208
135 -6 906 -868 -165 175 -228 61 468 610
665 -429 336 460 304 797 318 837 -343 -264
490 476 387 618 577 376 712 -538 -743 155
507 854 -916 135 -10 216 -253 541 -764 -816
750 -830 -744 -213 842 -966 -803 245 357 -704
-939 93 -977 -462 -880 -661 -554 -837 918 357
-904 699 -814 -882 -109 -323 -596 808 719 -685
-970 390 -209 -417 50 -398 763 351 -71 89
887 819 641 653 -415 650 459 648 935 591
-19 -316 121 835 -922 254 874 -406 148 552
-324 -589 -345 -426 -234 -899 -817 13 -639 760
-659 -212 563 -497 622 751 117 -247 903 170
212 -265 312 -244 182 370 789 -972 759 947
-245 638 -567 -318 166 -456 -86 769 -986 -649
-522 -916 -341 -486 -473 585 797 905 -700 -985
[RUN #34 10 30]
806 -159 -801 693 694 -875 543 -894 510 -578
648 887 -223 -675 797 851 745 901 896 -613
634 916 -954 -711 161 727 249 -903 -373 199
906 -273 -583 -902 -437 482 -159 937 547 434
-557 315 811 -286 -806 -711 -347 -230 900 12
925 853 -247 456 721 -1000 -730 -845 340 180
421 -246 709 870 744 -956 -353 999 -672 263
815 946 889 -958 587 -986 58 -30 -722 -109
-675 782 -144 -365 412 -745 548 788 -435 -368
-645 -179 611 -357 247 761 976 -117 -531 -334
82 207 -881 -281 -956 -648 -121 -565 -248 250
210 783 472 993 347 -179 -461 -995 904 212
-249 -797 -223 -365 447 519 468 246 -726 -589
851 336 662 -926 643 446 438 462 562 -668
595 -658 544 -788 -486 -604 995 487 -422 -2
36 -247 499 -108 790 -530 573 224 -885 184
-114 -339 558 530 -671 -326 -841 -268 625 -385
-471 491 -27 -646 -606 960 -213 -239 758 811
-74 689 -198 784 147 -684 975 -413 -248 -672
-444 -207 341 -442 112 60 -101 815 961 -627
-290 -799 -859 652 78 -675 -7 -181 910 158
260 -117 811 182 -733 -654 -851 369 537 -677
-49 -38 -260 222 467 -348 585 297 504 679
750 643 -594 292 349 -533 -623 320 694 -695
845 492 237 -535 -332 -485 -672 471 -114 -835
-28 -782 -754 134 -498 247 727 -87 203 -546
747 -304 618 -648 674 819 153 677 889 -757
103 228 643 323 -439 -465 -199 -30 419 168
334 -71 -356 -222 190 615 -376 -128 -153 -4
389 -490 298 125 -650 147 -703 -185 709 558
[RUN #35 10 30]
-659 -920 298 -962 313 -703 710 -792 227 510
976 -421 899 -645 443 -27 -984 103 468 171
-755 295 -900 868 682 -837 16 -538 -346 -937
564 760 -184 -387 891 188 -640 410 843 -708
-28 -409 231 -753 -343 314 666 -54 14 511
126 -262 437 711 -340 -827 873 -619 -148 -161
-849 -822 875 -103 512 -156 104 -196 -645 743
769 -282 469 -78 913 222 -842 46 -456 776
-200 563 900 -799 -299 -791 742 -763 397 498
-570 -171 566 -335 225 709 188 118 167 122
-282 190 -251 503 94 141 -390 -717 35 657
794 521 378 -958 -804 -351 196 878 -915 360
-342 -803 439 283 824 -318 976 32 813 713
-82 901 -285 -348 -357 -464 -205 -867 290 -544
341 -605 -254 90 -68 -674 -800 858 -312 600
951 -705 286 39 -314 933 304 230 -782 -915
409 756 -777 556 959 728 -847 -480 771 69
795 900 -832 -93 18 -568 -995 -805 590 594
16 -768 -810 -975 893 -857 601 477 256 -797
-184 635 993 -717 411 -597 -557 321 -832 701
-565 489 803 772 -49 -780 -764 -38 -2 780
-158 175 -861 38 -793 682 622 77 -986 -169
203 -321 -717 -765 339 -51 614 578 -422 471
-939 15 -85 119 522 -673 642 -718 -299 -353
-491 454 -534 942 465 -537 339 -839 -938 -30
[RUN #36 10 30]
-306 -69 500 -475 -502 -382 -999 536 -339 -266
655 -32 515 -50 -43 931 984 -176 178 -63
18 -773 445 337 65 -755 749 61 -836 469
339 -851 698 -476 -740 63 880 -692 130 -270
-7 -896 -67 -118 -426 -544 -491 123 -752 -437
486 702 -353 -840 842 -762 -874 -468 966 -740
273 70 413 118 -778 -239 160 90 514 -542
-479 768 986 581 -738 927 -296 460 -260 -983
547 -765 149 736 -396 -38 -776 760 176 -563
384 127 532 700 754 -633 -208 -681 893 208
150 595 30 -50 494 -158 479 -607 192 -259
680 -633 859 -1 796 -72 -291 -715 -117 -286
586 -817 -98 656 -394 464 612 497 599 164
512 127 328 861 923 396 275 -108 405 -637
-137 -780 -458 254 156 -898 -743 -531 -310 -935
-428 497 -500 985 270 -718 -996 -291 -822 260
-994 319 164 -650 226 -843 89 696 80 -84
653 23 353 -851 544 -582 668 184 971 526
319 103 791 -865 416 -819 325 -920 730 -285
-482 157 -969 -369 281 529 558 -108 -683 275
[RUN #37 10 30]
908 829 -45 -287 544 545 191 297 -617 -609
943 -218 -69 637 612 -641 -412 -754 346 -629
701 -800 -795 555 -473 -727 -20 -63 -737 639
-657 851 820 49 284 175 729 646 738 345
-775 -908 928 -792 -727 -74 -755 -519 242 -382
-742 999 137 342 -814 -847 -867 434 -675 324
655 751 180 -106 407 -545 -911 249 410 861
21 558 -560 -909 731 -662 746 -545 754 816
-699 264 442 432 427 -170 -578 325 -696 791
426 594 325 142 130 -49 809 -353 84 -241
368 -160 -430 367 -13 148 298 -974 -731 71
937 -551 -699 642 418 193 297 683 150 -275
599 574 -528 985 -581 -599 50 -950 146 808
144 -85 -726 764 468 722 346 -492 -350 680
-376 871 -625 640 911 955 500 -383 -857 -955
-720 787 376 426 -74 107 506 432 -225 -642
211 6 -246 94 -521 956 484 -731 -662 424
-595 442 -848 -351 -720 811 484 432 -198 953
199 113 -718 -787 -586 725 548 -837 581 -693
-88 531 771 -900 -87 -715 -851 -511 -581 -539
-917 -984 -187 -47 923 -211 141 916 -256 953
-494 -148 -428 -115 -889 -3 341 585 894 163
-896 -453 863 -383 690 25 -470 -178 994 -723
348 483 -234 -494 490 -63 733 358 830 -167
203 -654 100 333 -928 -677 950 918 865 449
268 -609 -493 -331 407 -89 523 -454 887 922
-55 451 -632 924 686 -471 -180 230 -822 -113
[RUN #38 10 30]
708 544 162 -888 294 -910 -210 242 -545 764
-925 -94 -612 591 -137 -374 605 -88 -654 -711
-187 281 -651 -564 693 -82 -902 385 450 712
977 -561 581 -328 -206 -335 -969 890 164 -32
-235 -214 719 -452 11 -993 33 -802 782 292
-353 113 -119 -705 973 -998 991 532 388 -716
-439 984 -333 -791 627 813 618 71 -301 423
-90 -541 828 462 -748 -169 812 -872 -862 474
177 -824 700 -994 604 -576 -575 -378 -992 -510
-44 242 -102 790 255 362 646 -283 -558 917
-943 25 -950 -858 -846 -296 -557 356 -967 -850
-209 -557 -266 270 482 988 -210 451 874 -440
-912 382 -9 896 303 -819 -208 70 21 715
312 628 723 245 422 -707 118 318 -369 696
527 851 -410 491 -882 -729 487 -857 875 155
-212 -216 -873 263 -754 193 -515 189 -962 -701
-581 -651 -237 -217 704 -548 557 140 66 -407
5 -427 26 356 926 667 -858 993 -43 475
-211 -84 110 705 758 -920 363 226 -891 -146
793 165 199 206 -366 -896 970 755 409 -455
451 84 802 706 -951 -556 -845 -666 -571 -821
-519 355 228 -564 485 342 -779 895 -92 838
389 -891 -458 -984 130 660 207 -892 931 759
-778 -21 642 -554 -857 -100 996 13 -135 576
428 400 407 -396 -908 -894 -646 -752 -97 113
-619 -815 617 -462 742 -460 901 -335 964 -328
408 -564 -394 -724 -460 421 -531 -820 146 918
441 -857 -671 512 543 -624 345 809 -430 -536
-761 -396 122 329 -366 -291 498 -124 -75 100
-179 797 -437 -864 -510 379 519 -356 408 -550
[RUN #39 10 30]
-378 -794 361 -34 946 -5 -151 231 -996 246
119 -962 -939 229 -426 23 167 -754 -237 -627
-629 969 -4 -58 -44 -148 66 -796 -357 578
93 -2 333 -718 312 -183 840 -135 445 727
-886 224 861 285 -365 -736 -981 490 -582 815
216 266 -943 105 37 -194 -502 289 53 -4
394 434 483 -122 -550 -492 307 54 185 441
-182 -73 -642 -96 858 -112 -335 411 -235 492
751 -737 592 -456 -717 -914 -825 975 -28 -767
98 559 -675 -552 563 -22 596 -754 -569 156
[RUN #40 10 30]
558 -614 279 -422 860 -467 -718 -81 457 903
849 -373 314 466 -215 -275 609 -415 -53 763
466 206 682 -468 132 871 491 582 524 -832
89 -525 916 279 -692 -56 193 631 126 -886
-526 681 900 464 -852 -592 314 -567 695 825
896 76 729 -716 107 178 -337 59 960 854
695 490 -931 295 293 -651 734 479 89 -113
32 894 -268 437 -389 -8 945 888 85 757
613 56 -232 -737 -748 928 508 701 -628 306
-93 -404 -887 -45 -983 -774 153 532 63 248
607 130 -62 126 213 399 341 162 -716 131
-634 -530 -354 -283 -676 751 -331 481 890 561
584 957 -185 69 -14 57 236 651 416 -706
-193 936 -533 -948 102 -418 337 89 941 306
625 630 767 199 -440 -237 -855 863 -829 -522
550 47 606 821 -734 166 -635 -664 817 788
-81 -686 793 310 -614 -790 677 -369 -975 727
553 -901 204 202 639 -238 874 -655 889 51
45 -325 215 -73 -748 819 730 39 412 -944
762 -998 674 -582 -770 840 392 814 -562 485
353 -28 936 -22 382 119 843 264 474 -299
-778 841 -917 753 -312 602 33 -997 -534 -470
166 142 -814 254 288 -830 -143 584 637 -309
236 -157 751 813 -663 -402 308 -976 -863 679
903 250 535 -607 821 207 767 -560 -491 -519
-309 -501 -737 -124 -787 308 -321 640 884 182
-399 881 -326 -272 599 349 638 -115 -129 138
83 -147 964 -785 543 528 153 851 -468 -570
647 112 460 -850 988 620 21 418 346 645
-726 625 830 -912 848 -168 189 -546 -303 715
[RUN #41 10 30]
-676 98 -222 -399 -844 -485 698 470 -688 -385
-824 442 908 -19 -425 -778 -964 -414 -883 -255
-67 -937 540 -130 -772 797 885 611 232 -301
422 -117 -765 702 -647 -326 -378 -869 -61 524
-509 348 -423 -701 695 266 234 970 683 456
-770 -452 -787 342 723 275 475 -41 587 -260
-370 -659 -369 -99 925 899 -256 394 -986 924
-910 -682 -937 -855 639 -847 21 220 157 -428
-594 -928 -124 815 -651 -517 494 796 -927 -643
-465 733 -260 -915 658 978 -780 -781 -643 -250
-339 890 517 244 -133 217 -310 711 628 -230
-154 -445 396 -277 661 97 -747 58 -743 -534
520 669 104 808 -631 -608 809 227 233 180
[RUN #42 10 30]
-675 -899 996 -754 -53 967 -586 310 205 542
898 515 25 778 180 429 601 362 623 -995
544 -361 -575 -414 -211 555 500 821 -90 -330
665 -462 -521 725 -455 988 -634 532 81 908
-921 -479 -926 279 -679 762 -195 -202 907 -65
700 -810 502 669 -852 397 -309 -665 546 587
288 -992 -265 -240 237 89 461 151 880 -656
-593 -749 972 -546 -383 919 951 -764 78 -874
-655 -14 960 -253 507 -563 442 -715 773 357
587 529 315 -13 874 261 981 238 46 -547
-623 -981 721 -144 428 -19 906 130 223 949
694 826 -5 549 -402 773 -356 -125 -560 945
-533 -333 -7 566 676 732 750 458 971 -277
322 -456 597 -915 434 275 -653 -839 310 280
-952 -432 -830 645 -111 841 34 -709 530 403
-483 759 -784 -377 -204 24 -146 -411 426 732
996 -473 370 -766 302 63 551 382 760 127
-412 -329 554 363 -574 438 -955 -822 -725 -458
-563 821 544 -83 590 -38 14 376 716 402
-824 972 551 14 -723 434 -112 -92 -456 -16
358 -947 -650 77 -562 -983 -913 -143 -90 -980
140 400 -884 -675 32 137 806 -304 775 852
-409 -468 241 -93 -228 -72 368 -360 -90 -827
807 -710 -574 -348 -496 770 574 -35 -212 147
669 -171 114 -279 498 363 -641 -361 -656 -859
-838 -638 -646 -372 -640 529 -994 -834 831 -758
602 780 -119 654 696 -605 -790 923 -114 -751
-644 727 -814 -984 -985 610 -981 -855 -442 779
565 980 170 710 455 -575 -901 305 320 151
465 217 -392 151 -895 917 -93 -80 -177 -611
[RUN #43 10 30]
-298 428 -282 16 -30 -990 -362 296 654 85
-463 -966 889 74 443 762 906 390 608 -922
-359 -406 661 -781 376 872 -827 356 -693 20
[RUN #44 10 30]
143 162 -135 -398 446 -194 516 247 479 -272
272 448 -831 66 -148 -631 354 542 345 -876
-173 326 678 923 77 -218 109 -150 126 309
[RUN #45 10 30]
734 70 -246 391 795 133 -353 -869 -382 -999
-77 678 -952 -232 507 -409 43 -991 996 -976
662 -226 758 -814 556 -660 -656 834 -133 146
8 690 363 332 191 446 -666 197 933 -263
-631 -809 -282 19 -103 548 368 -603 596 -995
142 969 451 408 -916 -886 835 345 210 536
-935 617 826 -211 -752 -418 763 -978 191 413
-183 -465 297 -435 -552 -530 -204 49 101 -700
-4 50 159 -827 -629 463 65 -717 728 667
43 367 783 -111 750 379 721 930 445 945
724 -889 279 -353 -118 645 467 754 -286 -943
1 583 908 -199 846 -387 -798 793 -913 937
-469 -668 -798 952 -708 789 194 -78 144 -343
-642 443 817 296 -968 39 -150 -49 -174 409
58 -35 -222 599 423 682 677 -566 854 265
167 677 460 -918 222 325 522 601 478 -856
126 -231 -350 -896 -390 -317 -984 -498 918 215
-964 -8 401 82 -663 -725 -306 -145 898 -792
-222 997 978 511 846 796 -182 -956 -656 -374
424 230 -933 405 294 146 572 80 656 -451
652 -970 519 -1 -459 288 379 872 -930 -643
584 472 734 -701 832 -927 60 432 391 -132
612 -17 -583 -707 247 -364 -900 819 -73 -945
69 -245 -483 685 167 998 929 -661 -793 308
398 -138 704 878 851 -238 991 304 489 586
-696 -61 656 -951 -993 -982 -793 932 -205 -605
53 -822 561 -887 -678 732 828 -314 -180 663
-244 308 -580 351 -339 -288 41 -396 580 -691
-669 110 232 -482 -503 250 609 -154 -351 -773
-679 -622 -144 -177 -314 927 613 216 378 -93
[RUN #46 10 30]
156 718 -918 -967 -784 443 -870 -445 -638 603
-912 -142 927 392 476 -594 882 263 939 480
521 446 -382 -854 -12 -67 -240 -621 -639 290
-473 -26 -45 -840 799 -946 -549 -826 -811 726
-212 -684 -607 -12 -996 972 370 409 924 444
302 -460 281 217 -604 -154 658 107 -908 -612
118 -115 -909 -46 -154 -733 -935 -183 426 -630
-95 -180 -326 512 239 697 -271 -311 676 -1
655 307 -904 10 -653 697 -12 -783 -353 -108
594 263 405 853 -608 814 151 242 546 -777
-722 -601 610 150 436 271 -817 494 513 92
865 -369 -282 -254 -251 132 -185 -724 -574 -669
236 184 536 -481 -944 -906 -784 374 -275 -397
907 -645 97 65 -64 -989 -774 791 -480 -486
731 -497 153 -966 877 -153 -448 666 888 -826
542 -356 323 -698 433 -53 -186 -999 588 124
297 711 724 225 -29 -983 634 136 760 -967
-616 661 209 142 -941 -189 -14 -220 695 215
-294 308 200 -369 -999 -726 -474 103 -276 -589
-670 -764 -504 176 875 -599 -367 723 411 308
-110 -107 -882 -273 552 509 918 -148 -275 188
[RUN #47 10 30]
991 573 -702 190 -733 62 -558 3 160 388
245 -597 -862 -630 -607 -553 -51 -913 -476 8
-160 305 -170 539 190 683 411 306 -279 323
-824 927 186 -622 -281 286 -93 -178 615 797
67 -845 221 900 430 718 -928 -67 978 -439
-696 45 -382 726 -717 -388 284 422 212 -848
41 395 -237 -831 214 -502 -397 579 -261 -216
148 -220 470 260 -431 392 496 -790 -83 223
131 -814 -907 -106 -264 896 307 -584 26 -70
-647 -493 -323 633 -255 -911 -551 374 126 178
-221 389 -650 907 305 -846 -986 189 -469 849
-138 -658 484 -246 219 923 848 -918 740 -992
746 835 -915 -80 -528 -948 732 46 721 87
5 -147 140 619 -448 -782 -350 -194 -492 60
-201 401 -844 516 627 -801 779 -222 -793 -436
-685 -575 213 422 -478 350 450 -850 479 -634
281 144 -371 296 -111 -49 283 288 130 980
-434 -39 -288 -348 -87 -951 -141 -485 924 310
278 410 866 -898 -588 -648 321 5 63 -190
-1000 777 -19 -916 -737 -880 -963 907 976 -214
-841 -514 -317 859 723 -452 704 -59 186 -297
-480 592 -156 -51 450 -752 865 -628 -144 738
135 -550 -858 898 659 -709 171 739 -582 199
-173 -864 706 -743 111 941 733 840 17 515
-129 241 988 -166 -631 469 -950 -503 -854 -825
-176 -324 -338 425 -592 -333 -141 -549 -601 738
105 -234 997 -8 -427 955 763 708 -311 102
-972 -276 549 -476 -10 190 -616 716 599 -233
172 -288 619 -763 865 204 555 659 -976 922
-836 565 644 -535 -931 -708 -169 -285 -403 558
[RUN #48 10 30]
-812 103 310 -505 998 -795 288 -822 425 -850
-56 -187 -989 -189 -163 102 786 478 973 324
-954 762 -678 -925 -666 453 -821 -458 -913 -133
-375 399 -513 770 -985 -233 -403 241 86 -661
-333 -914 716 -133 -377 -369 462 -549 165 -275
-458 443 -827 -687 134 -15 -795 -461 634 40
-125 -515 -28 -351 380 -145 -635 -157 722 -473
480 -813 818 -177 895 -638 -22 797 827 507
338 -542 794 369 28 167 -875 -452 359 -51
-839 852 -205 107 -914 -859 569 -456 206 843
-678 -153 -614 -14 102 -863 -67 977 -652 -787
889 656 146 -553 -122 -138 -349 -185 -142 -146
671 806 -606 -915 -595 -215 953 881 -28 330
-124 -146 -136 698 -43 142 -245 -922 69 576
991 -890 367 -519 -887 -344 253 -483 45 923
-554 -543 647 459 -816 595 -205 -189 581 -613
249 457 269 -780 -874 -928 109 541 299 -412
-304 -174 -184 747 -589 657 124 -335 383 125
-530 -1000 961 336 -307 421 55 -206 -104 -888
-882 -446 -640 39 256 -905 229 -500 245 291
491 484 -810 -587 -475 660 -749 -463 -416 479
-168 -868 143 132 921 -727 427 492 971 -471
-769 987 -555 326 -862 -240 910 981 931 -541
577 -702 -328 -657 -661 -390 233 695 444 -74
43 -425 -353 407 -880 -29 -875 318 -325 -552
-438 -91 387 -914 809 313 899 -654 64 920
-501 138 660 288 977 -628 -683 870 -685 701
783 -750 911 -35 4 221 731 493 866 -269
-710 -624 -845 -944 -538 -566 37 -736 -709 -224
-723 357 737 -643 732 258 -812 409 -502 457
[RUN #49 30 30]
615 -876 -688 -298 -657 -638 517 -547 207 -603 -145 933 -510 315 415 -864 -816 505 66 687 -674 -67 942 -209 237 -211 -570 620 -210 -96
-804 19 -122 -962 73 108 753 695 -862 -10 -526 -84 20 322 259 -275 765 571 660 -528 941 348 -531 -574 817 119 22 -994 788 -90
-571 9 327 -559 450 -218 933 516 366 834 -911 749 156 -283 -621 -633 -685 91 984 -504 128 -506 -20 742 470 361 528 -449 -927 796
884 400 647 196 724 -605 -714 743 175 728 717 312 -28 566 -604 -393 -603 -174 978 565 807 754 -703 -870 -81 385 -548 126 -170 -139
564 549 -814 -696 -212 -970 567 -261 553 990 -292 -845 110 -667 336 -316 -30 -952 -166 966 -32 159 -717 -364 924 349 -999 497 -51 -130
-441 949 -674 -592 -426 825 685 -967 -566 -553 -631 700 267 -148 874 807 -385 -316 727 579 732 8 -175 246 56 -581 706 806 -380 601
-702 100 373 -990 -522 -289 -126 -484 207 -137 -286 -703 -15 218 -342 -747 584 52 411 689 836 -461 -52 -828 -739 616 -503 -243 548 287
263 945 652 79 -331 -873 837 156 -903 838 145 736 -290 -871 -275 264 -272 305 -197 274 -963 554 -960 -487 -661 411 -771 532 -543 -675
-886 963 -829 -229 -378 966 718 -530 3 22 449 -955 748 530 -291 -516 641 771 -683 -157 -175 -625 500 -57 -486 111 -218 -352 468 -48
546 409 -84 -151 -639 515 -49 453 76 -881 678 410 -981 -311 -248 762 211 -266 772 100 210 -891 -508 -801 521 -538 -651 82 -568 -240
544 429 323 -886 -832 -924 -241 -427 924 197 150 332 -937 -422 -974 65 -587 452 862 -665 -616 922 688 799 -592 979 718 -839 629 124
-220 -900 33 813 -688 -18 899 -832 43 290 287 -569 379 907 -814 306 48 -450 109 632 -230 -915 -96 -288 738 434 465 -402 159 -285
279 952 74 451 -789 968 -856 530 262 855 -723 -500 92 -736 371 -40 -835 578 217 -192 186 455 825 83 850 -727 -623 -924 521 -363
-829 -276 155 270 -991 -584 -114 -353 349 206 -480 317 769 805 -720 -358 -350 -64 821 -739 -849 -620 940 -294 750 505 -755 -812 -341 -789
-215 279 685 -682 394 -671 314 290 -864 521 216 200 176 -455 954 -34 183 464 5 648 -860 210 955 -363 -554 -738 988 -332 -657 -180
-39 950 -295 -274 521 795 251 -459 163 -53 -865 -805 -982 -632 576 -404 379 97 -152 150 356 822 -607 407 -797 -675 297 -119 -939 -278
738 -183 68 -554 -977 612 -685 -632 624 -862 -118 -448 309 -852 740 -628 472 821 -79 -965 426 265 185 -489 776 685 195 -413 -145 -982
-369 723 -709 956 -953 -608 186 -642 -877 -710 50 482 -853 689 -367 -939 -383 -664 235 843 -294 796 909 183 444 4 955 698 230 232
-149 154 -495 428 620 582 -355 780 957 178 7 498 -237 742 704 -244 -798 -861 849 -262 505 -756 214 379 -439 -245 347 406 272 16
818 747 403 17 325 346 865 433 731 409 181 -404 -890 -514 -353 55 -773 -465 -731 -754 -17 297 332 -130 -759 -37 -821 361 -112 641
281 -299 -306 395 372 -288 -832 -955 721 57 -233 -588 294 282 593 98 -210 242 -669 530 450 676 -284 661 635 10 801 808 790 590
-171 -661 111 413 -218 -474 359 -360 326 -900 83 96 -604 -942 -844 457 -854 182 -960 574 -208 334 -819 509 139 -821 -248 668 -216 -696
642 -56 -48 439 -290 206 307 791 891 -66 -793 951 -949 -426 -824 515 690 -6 441 983 -320 -353 -312 433 -294 908 70 707 994 -598
[RUN #50 10 30]
-325 494 525 171 -513 4 -64 974 912 -54
-575 -465 -564 537 644 -830 286 -793 963 -170
-847 -207 -608 580 153 -421 -561 -420 -171 747
-940 124 682 -374 710 219 127 -420 -727 650
-226 -244 -198 -514 77 -225 -204 396 138 481
-898 -99 -209 -596 701 362 142 252 237 471
495 -387 500 -175 -733 584 700 -850 64 191
816 533 -977 -876 998 912 670 -253 -390 -905
454 -854 -453 -615 -15 912 -160 -51 -187 -914
-229 -403 546 682 214 -46 -555 329 -816 407
675 -835 -868 -107 -630 -210 429 601 408 808
-734 -399 -762 403 156 -986 720 -367 160 -271
-165 206 -195 -727 942 -641 -701 -677 -287 437
942 892 271 -223 -997 -485 222 -912 911 268
-140 775 -443 -365 897 166 909 -609 -129 28
591 -644 -110 266 457 818 -814 -65 96 102
-499 -240 -47 951 933 260 443 210 2 -36
251 923 -860 -22 582 -203 743 -127 -36 -498
778 259 261 302 215 928 -116 -534 -815 -147
-928 631 -41 -152 -901 108 623 989 -55 -473
608 -657 426 -949 -588 682 938 -812 -70 -312
823 44 543 -366 62 -536 -972 624 -863 282
719 238 -669 -76 73 -565 -960 666 983 756
160 709 -260 725 897 802 -986 -375 43 318
-179 967 818 -27 -875 705 -559 -433 -775 -70
-641 144 261 0 785 933 -322 -663 -124 424
-113 366 -390 891 -83 612 541 392 633 -441
-994 -904 528 -100 239 366 -282 745 554 691
-670 -806 -32 500 -235 -577 -857 112 359 -796
311 923 -621 -143 113 446 275 885 -77 -148
[RUN #51 30 30]
-824 -995 374 251 -831 -40 -691 864 154 917 598 -13 696 987 -774 -751 -276 394 -288 762 802 289 -15 -985 -32 -67 756 -123 831 208
-181 852 109 -849 -857 932 821 -901 686 846 -536 -77 514 950 476 456 621 12 25 869 -429 -555 586 683 -226 831 -697 -418 82 -790
789 -11 -208 -504 -80 -61 27 58 418 -215 428 -582 338 -550 316 -239 -156 -409 -679 421 -932 -20 388 -941 -772 923 -651 -188 -345 -13
136 -787 -757 684 594 784 804 982 265 -212 -341 -584 626 243 472 -340 756 15 -411 -633 788 -919 668 -815 380 384 355 -24 -711 245
-617 -101 -633 -432 -721 -961 -619 813 -588 831 -374 628 440 759 713 -639 259 -177 -946 888 -15 -854 622 -707 -213 680 -69 -487 967 398
-459 -266 793 583 958 679 -552 576 795 920 578 43 987 62 613 -973 -379 -312 -115 747 144 774 -929 557 391 -346 -669 -816 -847 -450
352 -429 407 -886 -235 42 -187 13 -657 659 -709 -23 -818 -901 -527 575 431 -200 -406 285 -708 -83 -559 50 -133 120 -674 -779 -912 -668
150 -978 522 -954 -74 -368 -896 -683 -666 -423 -438 -581 957 873 155 696 -606 41 23 -614 -315 -287 862 472 -152 -357 127 93 365 515
876 561 743 -342 729 -183 -831 127 969 476 -465 576 -979 307 250 -976 406 -846 -663 321 639 -82 35 -706 -447 -2 -568 862 397 -984
608 990 985 -678 -549 -996 -719 -479 193 -892 705 -99 -55 -317 780 115 -638 472 -895 15 -34 -284 806 778 553 -419 999 -305 -839 243
294 408 -804 520 -763 -301 613 -344 -369 -833 9 58 669 -546 949 355 254 -347 -878 -938 -326 300 778 -472 -886 484 -642 297 82 -691
262 369 -645 329 -406 -989 291 341 -316 819 790 -718 -835 464 -662 -309 876 885 -215 -282 -760 175 -601 -661 -529 -4 -24 278 -241 -362
242 -565 -38 743 290 -812 932 -934 57 38 272 982 -801 -833 867 177 -624 728 -375 689 -165 651 -573 313 -914 610 -153 577 650 -357
-355 708 187 -756 -778 822 758 -91 69 -191 -624 -40 789 -589 810 -265 820 -194 -670 -617 -73 -383 -894 645 -385 -209 655 -86 395 850
709 642 -882 693 -231 -186 3 -174 -544 624 160 -288 -480 -954 2 61 114 781 648 187 561 287 933 -214 993 652 -330 -892 -462 -836
-590 -203 35 -459 804 -258 -467 452 547 162 864 65 -176 -439 -493 -304 949 -726 409 -474 -876 865 892 -998 5 -544 988 -856 -689 52
[RUN #52 30 30]
-631 398 -592 3 133 -386 -201 820 -43 -273 703 -414 228 941 -36 562 588 -229 117 881 -423 916 108 873 -190 -280 452 621 -946 605
-189 3 857 -973 -110 -400 573 -129 409 -619 -317 787 -680 884 -292 -76 838 -468 465 300 597 94 -762 267 571 -130 -241 -908 710 -498
18 -159 548 -120 622 439 673 614 100 645 2 -757 497 -601 117 812 451 -250 798 -967 961 424 590 -654 585 -639 580 418 -454 -513
-240 -618 -424 353 -181 118 700 -43 552 -147 689 813 576 294 905 697 -47 -936 930 987 470 -504 -158 245 -383 -985 371 -102 763 -379
-832 57 -267 -544 558 -978 448 -603 462 26 607 759 479 977 -795 412 434 -862 534 533 -130 -43 -509 840 999 -360 -818 238 871 -445
116 562 -856 726 282 29 -671 959 -524 -839 900 980 -139 674 -634 368 326 152 97 -362 939 949 -522 -80 990 71 871 -773 626 -698
516 -842 778 -535 452 857 -206 -830 -156 727 -169 -123 -275 -13 479 222 -790 -831 45 475 564 -442 239 -668 77 -619 -58 -896 4 538
-731 313 -586 -11 616 156 -475 -407 267 535 -154 520 -787 800 -578 454 922 181 -826 -283 -727 -97 -794 48 992 -324 969 -472 118 942
758 -125 -982 779 563 176 -117 980 -183 307 -726 558 -106 -703 882 -134 12 274 -216 -768 533 -689 832 -868 -102 691 -682 -801 886 776
-734 -49 -779 -556 -259 664 -723 -344 569 541 847 -464 251 233 401 643 655 319 -544 456 907 641 -787 822 966 -935 -979 -511 396 971
-667 -2 -936 334 829 -384 -908 -80 573 -618 769 -957 782 -953 512 76 947 -405 -849 956 -991 -536 265 -431 -524 -822 -627 112 -303 -294
-684 855 -750 -252 946 152 -125 353 -602 840 -137 857 738 -264 -977 66 -875 -102 -761 -921 770 -161 -585 22 218 962 -381 717 661 400
15 -72 485 -962 -701 -553 801 396 37 941 -133 262 405 611 545 44 706 652 372 979 117 -502 4 -611 42 -125 -142 -256 755 -787
205 -847 -62 918 26 782 31 -535 -435 -719 619 783 297 -687 333 14 -167 649 131 -902 -911 790 -320 -808 3 -641 -470 121 -786 712
526 329 -47 815 -663 898 498 129 -611 420 860 339 -555 830 416 948 718 -432 97 432 133 -600 268 -426 -220 517 -352 -731 -377 992
216 -879 -464 -222 -291 -579 490 720 480 -143 -14 702 152 688 -416 331 -73 531 389 -155 -42 -690 -811 -226 -304 -932 607 -315 -949 420
[RUN #53 30 30]
195 -852 656 -450 665 731 -378 505 -436 -589 329 -77 -389 -886 829 710 837 461 726 854 -178 -841 -808 928 -766 114 479 801 -85 510
751 -408 -768 -19 -792 -60 -894 -268 -987 201 -864 272 855 78 536 529 -109 -878 -667 922 -195 459 241 -100 939 -224 703 507 42 51
344 -158 585 -932 592 803 -498 641 -916 909 315 429 -966 896 -273 -32 310 191 426 507 -885 323 676 781 -139 670 -230 -365 217 -56
583 -997 899 926 -638 -467 739 -542 -509 904 -17 -738 -33 -253 908 273 876 -610 -242 -50 -492 -832 607 -172 -442 -517 -372 -660 -171 -823
983 -666 -317 883 -660 -727 321 835 -568 -521 -465 -1 -858 -125 578 118 -677 681 -304 786 507 -956 820 -657 619 612 607 -899 173 935
596 -617 -346 -21 -98 885 -303 668 -682 -922 -824 -565 541 879 -419 963 -855 899 -724 -801 798 300 -430 -38 -603 639 648 -858 -127 817
-46 -651 490 138 -897 -632 -460 919 170 194 508 963 -802 -693 834 -510 595 998 612 -701 -166 -704 -514 -190 334 276 77 324 -564 479
-1 -985 -795 276 -102 -630 800 -658 106 -806 -998 809 223 -622 -439 -481 688 6 -760 992 9 35 5 932 -246 -215 626 -88 764 -283
741 346 244 296 290 -662 964 -84 537 92 -944 -152 798 828 765 14 432 638 246 -234 556 -802 124 -532 895 -208 209 -524 977 -971
-707 -75 -394 -353 -148 -178 923 512 472 44 -117 880 54 31 423 -624 -841 -546 891 101 509 -800 -611 -802 8 -868 351 -757 908 -933
[RUN #54 30 30]
480 -442 -256 -248 706 687 -643 517 152 -364 -616 -328 -264 -828 -444 468 -487 13 571 -938 522 -745 -826 36 -987 694 -674 172 -966 433
958 -855 -952 -19 -504 -577 758 -567 -594 -625 87 -410 -126 -745 -218 -781 729 -87 -834 826 -624 -386 -357 721 -830 -14 894 -146 421 -939
549 357 389 -174 -287 83 692 325 568 3 -674 776 405 446 469 392 668 647 -668 150 -513 -890 -34 121 -401 130 684 -448 -109 -452
421 738 352 82 -460 -498 -902 -883 -372 -389 -56 847 602 987 -971 41 24 460 -172 -21 -985 -97 -559 945 636 565 878 238 506 -642
-287 -719 -514 437 716 -423 68 292 -651 -473 -156 -286 777 -758 717 947 -426 -679 91 -171 929 -814 -861 695 167 585 57 153 286 -299
-644 -857 -509 314 -456 -478 -823 420 -418 438 -219 860 -603 -386 555 385 225 -377 -642 -325 -738 814 -677 354 -313 -293 734 -360 -829 -195
-496 317 -889 316 -952 -373 -328 -47 754 216 -102 378 775 765 -922 -217 218 -465 337 -689 803 -826 -608 -13 -20 404 324 649 -277 -517
-800 -825 -913 -43 -584 -623 -906 6 -560 337 457 -137 16 369 125 399 211 627 55 622 -400 42 336 101 -269 550 27 -49 -704 110
379 -179 -877 -251 254 -768 58 -227 -320 602 545 465 -639 377 128 423 -585 600 848 -68 90 -489 413 438 271 372 239 294 -335 755
636 310 -121 23 127 -138 -930 997 -355 34 -646 226 918 -956 177 -420 489 -498 -633 274 -392 321 230 -865 888 -289 924 -608 -819 82
-65 78 -720 724 352 -14 -836 -904 -50 685 635 957 -216 -652 -841 363 433 -876 -896 595 518 -296 -491 158 -436 -381 -452 -607 -410 -690
-192 -383 -255 -190 287 -73 -721 -349 -707 771 153 -30 774 213 -924 -837 -991 503 -382 14 -647 998 -706 433 373 -841 -838 0 276 -550
-163 887 23 197 370 -708 -696 539 593 741 -740 -360 534 -370 -548 -281 -949 121 -729 -859 79 10 531 -152 888 -670 -72 47 -917 544
268 131 109 -99 -337 -616 -126 495 -428 -178 -703 651 990 564 894 835 -876 -323 791 811 -827 30 -38 -257 997 -140 -740 435 355 -128
[RUN #55 30 30]
754 815 323 28 931 -976 -266 761 47 -934 -782 -688 -905 112 -915 -564 518 920 95 -505 -971 243 637 -510 -587 279 -516 672 -111 -711
-856 387 -998 -186 14 -625 140 132 756 -404 858 -886 619 211 76 785 30 631 414 310 22 487 767 -427 592 -522 -97 454 -631 815
924 249 -795 -748 -55 155 -719 878 385 -162 345 530 -783 -490 717 -72 148 -387 986 56 -937 -102 51 -776 -451 895 -359 -473 350 -541
-378 -539 804 -815 846 485 645 813 172 120 -350 401 493 -613 440 -52 -952 119 -229 216 -82 -421 671 874 -256 -225 45 -518 405 156
565 945 766 755 -401 85 33 -712 893 -161 -8 155 570 -13 -338 264 471 859 79 -825 -436 999 781 -405 865 476 442 -262 918 515
856 -461 87 -464 -937 -779 913 -57 626 -122 -623 370 919 -742 -348 502 -695 -751 -598 752 -492 865 -818 70 -821 -923 486 -149 -398 654
-687 933 926 -151 450 298 420 -986 -445 365 158 -203 -705 -277 166 -135 658 -568 927 -839 -78 -30 -121 438 -820 -938 -921 -821 627 -284
551 -511 325 -472 -207 -451 725 183 -251 -411 -497 990 -931 277 -733 731 677 201 -148 685 713 530 681 165 893 797 161 737 -116 912
423 547 555 71 -892 857 -655 -720 -750 -798 231 -236 510 653 -92 -858 -860 -880 281 173 -872 805 -768 -995 -887 112 104 -435 -316 -245
416 649 534 -556 489 611 -806 -83 435 824 284 414 615 -369 368 -827 768 -921 -263 -679 -962 -503 -890 -460 954 666 689 370 -959 -274
-320 31 -991 -502 681 218 -815 -537 -906 -250 294 363 -345 99 487 -659 542 -216 238 491 -34 381 891 -267 864 -452 771 262 -116 525
[RUN #56 30 30]
-570 411 -366 -214 -258 -678 -851 -477 509 -169 -775 158 376 306 955 -792 778 200 -736 435 585 -731 -64 520 852 -487 -34 -346 -381 891
643 -5 -574 88 916 797 -977 -289 292 626 373 600 81 -23 -106 576 -637 -305 302 318 615 -445 -349 942 -146 123 870 590 -693 -218
[RUN #57 30 30]
-734 250 519 -674 -334 347 -598 -805 517 -49 -902 37 -817 278 -213 814 -490 266 -337 31 65 772 929 244 -725 -128 21 -41 -503 684
759 99 338 57 -210 784 337 305 -216 -497 114 883 292 -83 625 525 476 324 663 145 735 383 -335 -840 -309 509 866 14 775 -253
-159 -79 -429 96 547 526 103 395 122 740 -168 -499 823 -240 104 -638 -36 838 -874 774 -765 489 -786 975 -984 -494 -572 -530 731 -843
-770 -457 34 634 121 743 -156 -326 -462 -800 -88 137 -398 -187 19 732 -494 -775 32 -706 562 -126 546 102 -610 909 789 170 -444 -676
[RUN #58 30 30]
686 -767 443 -664 464 -433 136 149 -708 775 29 -725 840 -912 -925 -244 798 -702 327 663 -429 -237 158 86 -6 716 -832 567 706 -936
[RUN #59 30 30]
-181 466 -764 673 -224 -65 -220 658 -385 -119 -709 409 -533 -252 700 103 691 546 56 385 -621 -80 -490 761 268 354 415 421 -650 -782
[RUN #60 30 30]
819 -297 -801 182 -989 -323 -463 -638 507 -311 -541 33 -967 899 -168 655 -74 -153 -138 -799 -660 508 -207 233 -745 -782 -460 -494 -670 -60
[RUN #61 10 30]
-227 796 988 -974 575 442 -226 -796 -268 -452
206 9 -310 -860 881 -152 107 -733 815 488
[RUN #62 10 30]
-343 748 104 685 177 295 643 414 408 -884
283 -768 935 475 -432 639 -478 -587 539 -941
-957 712 210 311 257 -596 835 -654 -825 -507
-761 -315 426 105 210 809 -920 880 -95 728
-558 -924 981 599 -266 -799 -943 988 -101 -744
-670 664 486 621 100 -636 -491 -946 867 343
344 543 29 81 -454 181 634 947 27 -177
-862 -433 165 683 -571 310 764 435 -246 249
-345 -285 5 854 -736 -306 573 -4 92 930
-908 338 -288 -979 267 -399 -172 386 -373 289
284 146 424 -16 232 799 -524 -372 -882 764
989 470 -69 337 -845 -49 960 -325 183 872
124 -488 197 -41 -83 -106 -666 328 -545 -272
-538 248 772 -373 201 79 907 756 188 -753
396 -113 -913 860 -694 -722 531 -259 403 -350
-335 894 -140 -497 -804 -220 259 193 983 -816
247 7 503 -625 660 386 -347 -269 -926 -671
-641 570 266 731 -971 -6 943 541 696 569
-863 -425 -402 320 -67 -640 -821 474 369 -892
78 -853 -115 424 792 -300 -83 -64 -481 235
315 635 149 -48 -446 -597 -977 -439 -217 765
-905 -424 406 -94 931 -187 -855 -374 -482 400
140 373 -901 -32 393 -877 -848 81 74 128
417 239 956 208 449 -192 -697 183 -171 132
-712 -914 577 665 -466 176 452 635 -947 -173
871 -86 -179 349 650 704 252 624 353 852
-219 -395 236 -609 -291 -120 -646 -870 -530 -404
685 -559 883 -514 -252 720 371 -120 -236 581
301 830 272 -548 298 -739 -589 -233 -254 364
-282 185 720 -500 -816 238 -704 -605 -192 952
[RUN #63 30 30]
-12 -225 -935 81 587 -679 -798 -9 807 896 853 -289 -728 234 -722 -581 -83 6 -946 -909 998 813 751 837 -424 -920 -702 16 -62 910
[RUN #64 32 30]
-854 634 -225 765 197 -47 774 644 -386 -744 451 -537 723 -460 612 -626 -206 241 10 521 698 43 -230 -494 -905 272 -48 -278 -867 -884 -327 561
589 -723 8 -547 66 47 570 212 -613 189 706 -414 462 571 484 123 727 -408 -43 -679 -824 -773 746 460 995 671 -35 -953 -113 290 916 -750
-857 651 -399 955 -547 -184 -66 -952 -5 759 121 -709 691 -255 633 915 114 -86 538 877 487 925 -714 -402 694 902 -501 -389 -990 330 393 903
-798 -546 642 -2 749 536 -947 -50 -684 293 767 -791 -139 246 362 789 264 -66 -619 -322 -587 980 -501 385 -914 -895 -860 238 575 816 802 221
[RUN #65 10 100]
321 -191 221 794 -888 541 -440 318 902 738
190 -969 857 -710 276 -390 396 108 513 590
572 862 -36 225 -886 -839 -785 392 343 710
296 -800 168 447 827 -110 -900 -317 103 -283
-407 903 650 -271 653 -422 -818 615 393 -74
-547 626 774 -882 875 592 158 649 866 327
896 -924 -815 552 709 947 179 933 -544 -314
515 -770 -569 658 99 -415 708 686 -646 240
923 94 515 -89 -355 -870 -59 -219 455 -667
147 -371 31 -556 985 84 801 430 -179 929
176 -140 514 -51 -361 -174 163 945 410 928
242 691 -863 -632 -405 438 -661 802 -91 17
775 -953 -151 -766 495 -364 -103 -568 -756 -834
254 483 -700 -605 -382 -102 484 -731 -485 -139
-577 -174 -335 687 -621 -993 27 -305 291 230
-629 -551 396 690 -256 237 468 332 279 -52
95 -197 -475 -498 669 -786 -910 -437 -600 -627
931 917 -760 547 -787 -830 146 446 -963 54
-881 65 -863 -951 -883 -659 -715 737 -793 881
-420 -987 76 352 -565 606 935 49 503 -854
-895 -802 -703 -391 -794 671 91 -99 758 -377
-918 -482 -743 -958 -775 -264 -48 195 -715 183
-551 676 561 329 -771 -977 563 -431 248 -46
-944 597 799 -68 -444 369 27 -857 593 -100
-482 757 545 325 575 702 536 583 -922 283
-15 -292 -753 -973 867 -874 -730 -944 -985 -995
-842 934 -662 -737 389 845 95 804 -467 917
-847 -103 758 -665 353 625 -416 416 152 -485
756 -339 -530 570 916 522 -369 901 594 367
504 800 -809 -667 -110 -295 -365 546 -454 810
954 131 -245 -873 79 -843 -145 -82 415 -252
-319 383 397 -239 934 -409 974 812 777 -812
-924 211 833 -142 -636 560 -770 637 -760 -306
263 807 -186 -877 -371 -519 -800 -15 -26 -552
949 -850 382 -47 -575 873 -663 -645 479 -438
-124 -945 108 980 -698 39 589 880 210 82
-346 211 -308 166 476 683 -282 97 -539 241
-856 276 626 73 -919 687 -269 752 209 953
725 75 745 395 -709 179 894 934 -853 -196
539 917 -479 -530 -805 742 789 -799 799 -457
896 639 -256 -98 -768 -7 379 -31 520 950
501 262 -95 224 -551 -297 -882 -735 -916 389
-422 -180 -567 721 -965 834 -668 655 292 784
363 806 480 700 -520 176 -588 -732 309 -266
404 828 -324 291 -300 -241 39 -244 898 -767
-807 -614 794 761 129 639 723 427 557 633
908 396 -595 838 -530 223 -727 922 -369 721
-933 -78 8 -310 -490 223 491 413 -318 494
177 641 -520 -883 844 20 391 962 710 -571
443 -324 122 -937 -458 205 966 622 214 -950
215 753 699 -943 158 45 -903 -576 235 498
809 994 210 735 397 234 766 12 752 218
-444 -783 800 -88 594 196 291 216 -979 614
337 -91 -200 626 596 -667 2 -951 616 46
752 15 -639 -404 -82 882 -59 -296 -829 -331
14 -585 -665 -606 369 429 373 725 -254 669
668 -639 -555 326 -21 -952 -935 -594 265 153
557 779 584 71 269 -949 -850 -249 307 306
339 63 -811 -406 -981 -831 -864 -388 118 693
843 388 -65 443 -501 15 733 177 -324 -300
411 403 226 79 868 709 359 771 -298 -861
155 -250 338 -746 139 -801 566 662 899 -537
819 177 688 431 -213 356 708 -267 -104 -43
-226 -197 286 -383 -221 1 -559 -291 703 602
266 948 -297 327 199 -77 -302 -643 -219 -576
-505 349 329 -753 -396 755 -552 -485 -963 -61
-118 -490 524 25 -608 -791 -947 -423 -950 -123
426 865 -155 -925 -879 -90 -505 -508 -956 -785
-940 -880 252 268 782 -633 -869 -805 60 -973
339 -539 -868 695 105 -134 -572 252 251 -658
621 883 933 -214 93 941 -718 -413 -131 -954
-992 -74 -708 -49 -361 -129 616 -380 63 -747
-656 -468 -634 744 -961 855 -47 -495 -863 932
636 912 -885 -410 -310 -278 880 232 -447 804
104 -239 -364 397 150 51 344 224 798 744
[RUN #66 20 100]
-966 180 -315 271 42 -247 459 919 -127 -710 -824 -291 460 701 970 488 -366 571 -875 -981
-333 156 -507 308 641 200 -782 574 -5 -636 -668 -576 232 -593 -447 -220 233 466 209 124
123 93 793 509 -588 -449 124 151 40 627 -633 -553 152 770 513 -849 -833 219 500 869
159 367 778 -519 -936 -130 -92 -650 -972 -341 572 -129 536 421 533 670 634 674 776 562
-145 756 382 -242 907 -925 -873 142 -922 -467 149 -572 -998 608 239 375 -485 966 -463 -366
-433 -41 -568 44 722 -615 980 412 209 578 640 -578 -458 274 -285 29 123 804 -776 943
-613 142 -916 803 51 777 931 -429 738 763 967 -394 -469 603 -416 611 -545 -273 406 135
-361 -681 394 -585 -580 992 594 268 -608 814 658 867 -449 226 976 -226 -40 -676 -177 -652
221 -284 -542 -599 300 879 -136 196 -312 -487 506 903 -447 31 -4 -831 -398 -813 38 726
[RUN #67 15 100]
-925 992 475 -374 -586 587 807 631 328 480 -298 4 12 604 -573
194 676 -122 64 457 920 176 -158 -38 776 -775 -906 -755 586 -160
-426 811 -926 -378 -966 763 -116 -320 925 -373 -917 993 863 -370 -958
-70 -442 -491 286 696 566 45 -310 -367 -55 -100 -437 -703 -255 860
695 -199 -215 565 -332 599 -678 -854 264 -309 655 810 917 547 91
169 -890 601 902 801 221 806 -305 359 -968 720 134 445 175 727
-328 468 52 -160 556 -383 -976 -481 -130 -291 170 364 542 -847 319
-62 153 856 139 -39 64 994 790 403 28 835 -564 445 622 687
-276 -33 558 695 657 950 -629 989 -520 808 859 320 922 -518 -233
607 998 392 -661 -670 -908 -14 473 157 329 336 945 796 563 -510
46 -232 -844 -818 -486 914 848 331 -200 -551 -851 276 -924 805 -282
-357 380 822 856 356 324 353 809 667 719 -370 -331 -648 419 -682
370 618 -269 884 -372 -166 781 -222 -164 134 693 343 -314 404 885
-460 -40 322 -846 626 383 -126 462 355 -720 -64 41 924 -336 19
-519 3 -51 -365 488 703 -166 62 -791 -474 -639 372 -647 643 -804
358 -153 -892 -208 -822 -289 738 792 -511 -57 586 -80 380 157 422
-736 502 -792 -788 -223 4 845 29 -643 -342 -107 -772 753 -751 -181
-306 883 -704 828 749 -877 -200 -913 886 953 808 911 881 151 -804
678 -37 423 -581 799 -78 955 -763 -564 -665 905 92 -130 679 850
-473 348 -15 870 -943 498 700 362 -161 604 -816 588 380 587 793
859 -32 -155 -227 122 -592 -622 17 -903 158 -802 295 -498 6 -190
-965 153 -72 -64 -51 255 956 -356 -507 553 169 -560 -137 541 755
755 -459 475 -785 -587 416 -825 161 927 -781 -675 789 371 -857 -589
600 -207 -986 -345 -357 444 817 778 478 -651 -379 893 -1000 -865 11
206 -208 822 558 -212 210 -550 245 -523 -723 145 -302 -740 -789 -614
-356 -757 139 467 -444 -370 -644 587 -660 104 -14 591 841 -69 -833
191 130 -848 263 -412 694 547 857 520 522 685 535 739 -428 327
453 495 -961 -86 825 -581 566 -669 -151 -448 570 616 -389 786 -571
-250 585 -986 792 -931 783 173 288 -988 -987 -583 -249 -563 -27 179
-793 -394 -639 -338 -548 -712 -549 705 -553 254 -779 -345 -366 -958 804
-700 -859 -912 525 -649 -823 -82 9 499 -658 -770 410 -466 -812 359
946 -979 117 -250 98 478 -235 734 182 -995 722 197 895 967 845
63 -62 -988 993 -866 -376 -708 -95 -41 608 -879 -394 239 672 240
45 -519 790 -239 991 327 295 -405 10 653 -253 -338 306 -785 288
-445 -836 -700 -538 -77 -909 182 -623 530 -849 -924 -370 -870 -740 771
311 -175 -396 -415 -538 999 -197 339 278 -276 -745 -209 -827 -495 -359
952 -707 526 969 400 -948 714 193 -554 -973 62 -208 -751 -418 294
209 -347 577 -61 129 683 -906 727 -691 999 -796 47 -36 -396 686
-869 -53 -122 150 976 773 -791 291 -662 232 521 -757 87 -744 -43
418 -258 509 473 -9 -357 463 -120 -618 191 203 515 472 -877 -10
868 295 -201 504 -520 -959 -932 152 893 979 -816 -445 617 888 575
-673 771 21 -449 -356 890 152 -290 -534 -436 502 -831 -213 858 -934
-840 485 858 -160 488 -251 265 640 -33 -218 3 -765 -835 -359 616
-962 -888 67 -505 -173 -435 -595 510 -363 -892 -565 566 669 -964 948
-235 -514 -913 297 495 734 -620 -505 -426 325 -887 624 -693 -453 167
-267 286 -95 106 -303 -976 -895 -353 -937 -538 688 673 -903 774 24
-512 543 -255 514 -326 -60 -214 -390 -142 505 -170 429 865 -362 -94
969 701 657 649 178 791 245 -802 -766 642 507 656 113 -922 -829
-206 977 -774 265 -685 316 345 913 -924 -232 424 -435 -659 -722 305
-842 980 -759 558 -566 -755 -175 607 969 583 -187 -251 -155 803 93
-891 12 952 426 -899 491 484 -405 978 -865 131 -347 -197 822 766
954 -322 -110 -686 118 190 312 620 -327 -122 -999 -332 -586 325 964
17 -46 -973 -323 -212 605 938 547 -256 -515 -201 -56 -796 374 -282
158 -568 -342 767 355 -177 -114 -9 486 -765 971 -636 -107 -871 -524
433 -576 -245 -879 -662 -280 -317 523 -496 447 -251 -125 -836 -38 198
851 -340 765 -681 -656 322 571 756 -870 -79 598 -207 -424 -567 112
324 -457 -416 -150 768 -715 -2 185 176 800 806 374 586 -271 -900
679 438 -642 403 -356 237 -522 505 332 -478 -966 483 -79 -613 -215
886 792 632 609 553 133 863 612 851 472 -480 670 135 -745 -46
-140 -981 325 -55 130 478 -53 272 -594 40 393 -241 -782 -777 877
604 -252 -764 222 -555 -333 -749 -706 -634 433 -379 -324 459 -928 -717
752 -700 -998 -899 -113 -77 -664 648 -459 -215 3 831 167 -500 -871
584 -885 32 114 -917 -215 179 -435 -934 811 -792 -992 -272 -635 272
-805 741 -642 -937 62 -67 135 169 673 43 -239 90 -378 384 -483
647 -352 -194 -254 323 709 460 -108 -704 357 -674 611 218 690 786
457 875 607 -866 242 -832 -619 469 575 329 722 891 -836 -932 -214
605 -194 -689 -126 102 496 -386 -287 -317 647 421 486 651 699 929
-669 -932 828 -520 412 -229 108 -592 313 -21 -978 -459 78 -383 -585
-10 120 706 -971 490 -743 961 -721 -368 -204 -840 -22 395 662 727
-654 425 193 -944 757 -539 -94 591 858 3 -998 -279 918 -45 106
53 77 782 -430 -452 -603 -197 -397 -725 757 153 441 -870 -965 211
579 331 412 986 -521 442 -168 -873 262 -536 979 739 828 43 189
-603 -983 -919 -256 690 -113 -789 583 696 -524 -942 333 2 683 -397
-984 -516 -384 907 975 -441 -736 954 892 91 -320 367 694 458 -565
-939 691 -438 272 -670 -601 -167 -673 288 298 869 446 -692 67 -587
917 380 -449 -577 -591 -732 -586 -139 762 -112 219 753 107 875 619
797 -80 -883 890 358 312 619 841 893 555 356 394 -497 -483 -279
-366 630 -539 -470 -531 -671 -801 692 -395 714 -829 -603 -951 681 730
870 -607 677 785 -412 888 -645 -484 180 -374 -660 -663 -201 724 -417
-19 934 271 828 -467 -804 395 529 714 579 -653 325 -107 -781 -168
-829 -343 358 187 -391 373 -686 996 -448 -795 -543 -3 655 850 -611
160 848 -501 357 -402 645 908 -838 -647 139 483 -835 96 982 266
-87 757 525 524 874 573 -982 852 -754 486 -918 685 287 384 -901
592 -454 393 798 -336 172 313 -692 452 265 -660 834 879 -438 -245
886 1 190 595 523 -787 -628 -54 231 -3 660 164 -202 237 -807
-952 494 -858 221 899 308 968 94 893 -15 -791 720 -301 -136 -300
-242 -405 176 765 -21 -862 52 719 -164 377 -52 418 883 -438 988
-711 -477 247 -140 69 180 592 849 -177 901 -69 233 -565 735 682
579 -609 -423 -673 -980 -396 -122 -851 -269 232 21 971 597 82 -409
313 -51 -372 -753 -5 653 117 -998 -361 -465 487 -748 -755 481 -569
-183 707 -619 972 201 151 -401 545 228 -350 -861 -383 876 -740 -665
-27 -497 10 880 514 -698 -15 702 -324 -128 -445 232 838 746 294
-948 727 328 -450 -387 -926 -742 -447 331 -347 -580 -62 122 -722 900
-511 925 860 -483 -715 791 -482 985 658 -139 38 -294 -588 18 -199
-569 -293 -904 755 463 -989 470 -521 340 60 86 101 -998 354 -996
661 -784 -440 58 631 369 -257 -107 -564 351 778 145 -886 -839 397
-180 -236 -629 -896 466 312 -468 527 752 201 368 -520 538 734 -910
287 -459 124 884 -558 955 -646 -406 -372 356 -682 -249 433 538 121
-205 46 779 -546 110 440 -43 -249 -713 -91 -68 518 280 866 3
733 -630 -381 156 -317 676 -230 983 -181 48 -303 -40 -33 302 208
